2021-02-26 19:38:15.179 +02:00 [INF] Now listening on: http://localhost:5000
2021-02-26 19:38:15.220 +02:00 [INF] Application started. Press Ctrl+C to shut down.
2021-02-26 19:38:15.222 +02:00 [INF] Hosting environment: Development
2021-02-26 19:38:15.223 +02:00 [INF] Content root path: D:\Mariia\Parimatch\PM_HomeWorks\HomeWork10\Primes_WebService
2021-02-26 19:38:15.888 +02:00 [INF] Request starting HTTP/1.1 GET http://localhost:5000/  
2021-02-26 19:38:15.973 +02:00 [INF] Executing endpoint 'Primes_WebService.Controllers.StatusController.Status (Primes_WebService)'
2021-02-26 19:38:16.058 +02:00 [INF] Route matched with {action = "Status", controller = "Status"}. Executing controller action with signature Microsoft.AspNetCore.Mvc.IActionResult Status() on controller Primes_WebService.Controllers.StatusController (Primes_WebService).
2021-02-26 19:38:16.068 +02:00 [INF] StatusController: Status request.
     This is Homework 9 Task 1. Prime Numbers Web Service

                    Made by Mariia Revenko
Return OK.
2021-02-26 19:38:16.074 +02:00 [INF] Executing ObjectResult, writing value of type 'System.String'.
2021-02-26 19:38:16.092 +02:00 [INF] Executed action Primes_WebService.Controllers.StatusController.Status (Primes_WebService) in 18.1615ms
2021-02-26 19:38:16.099 +02:00 [INF] Executed endpoint 'Primes_WebService.Controllers.StatusController.Status (Primes_WebService)'
2021-02-26 19:38:16.105 +02:00 [INF] Request finished in 224.9003ms 200 text/plain; charset=utf-8
2021-02-26 19:38:22.529 +02:00 [INF] Request starting HTTP/1.1 GET http://localhost:5000/  
2021-02-26 19:38:22.536 +02:00 [INF] Executing endpoint 'Primes_WebService.Controllers.StatusController.Status (Primes_WebService)'
2021-02-26 19:38:22.540 +02:00 [INF] Route matched with {action = "Status", controller = "Status"}. Executing controller action with signature Microsoft.AspNetCore.Mvc.IActionResult Status() on controller Primes_WebService.Controllers.StatusController (Primes_WebService).
2021-02-26 19:38:22.543 +02:00 [INF] StatusController: Status request.
     This is Homework 9 Task 1. Prime Numbers Web Service

                    Made by Mariia Revenko
Return OK.
2021-02-26 19:38:22.547 +02:00 [INF] Executing ObjectResult, writing value of type 'System.String'.
2021-02-26 19:38:22.549 +02:00 [INF] Executed action Primes_WebService.Controllers.StatusController.Status (Primes_WebService) in 5.9169ms
2021-02-26 19:38:22.551 +02:00 [INF] Executed endpoint 'Primes_WebService.Controllers.StatusController.Status (Primes_WebService)'
2021-02-26 19:38:22.553 +02:00 [INF] Request finished in 24.8724ms 200 text/plain; charset=utf-8
2021-02-26 19:38:22.586 +02:00 [INF] Request starting HTTP/1.1 GET http://localhost:5000/primes/17  
2021-02-26 19:38:22.588 +02:00 [INF] Executing endpoint 'Primes_WebService.Controllers.PrimesController.CheckIfIsPrime (Primes_WebService)'
2021-02-26 19:38:22.616 +02:00 [INF] Route matched with {action = "CheckIfIsPrime", controller = "Primes"}. Executing controller action with signature System.Threading.Tasks.Task`1[Microsoft.AspNetCore.Mvc.IActionResult] CheckIfIsPrime(Int32) on controller Primes_WebService.Controllers.PrimesController (Primes_WebService).
2021-02-26 19:38:22.638 +02:00 [INF] PrimesController: Request to check the primeness of the number 17.
2021-02-26 19:38:22.640 +02:00 [INF] PrimesController: The number 17 is prime. Return OK.
2021-02-26 19:38:22.642 +02:00 [INF] Executing ObjectResult, writing value of type 'System.String'.
2021-02-26 19:38:22.644 +02:00 [INF] Executed action Primes_WebService.Controllers.PrimesController.CheckIfIsPrime (Primes_WebService) in 23.0815ms
2021-02-26 19:38:22.646 +02:00 [INF] Executed endpoint 'Primes_WebService.Controllers.PrimesController.CheckIfIsPrime (Primes_WebService)'
2021-02-26 19:38:22.649 +02:00 [INF] Request finished in 62.1399ms 200 text/plain; charset=utf-8
2021-02-26 19:38:22.654 +02:00 [INF] Request starting HTTP/1.1 GET http://localhost:5000/primes/22  
2021-02-26 19:38:22.656 +02:00 [INF] Executing endpoint 'Primes_WebService.Controllers.PrimesController.CheckIfIsPrime (Primes_WebService)'
2021-02-26 19:38:22.658 +02:00 [INF] Route matched with {action = "CheckIfIsPrime", controller = "Primes"}. Executing controller action with signature System.Threading.Tasks.Task`1[Microsoft.AspNetCore.Mvc.IActionResult] CheckIfIsPrime(Int32) on controller Primes_WebService.Controllers.PrimesController (Primes_WebService).
2021-02-26 19:38:22.662 +02:00 [INF] PrimesController: Request to check the primeness of the number 22.
2021-02-26 19:38:22.664 +02:00 [INF] PrimesController: The number 22 is not prime. Return NotFound.
2021-02-26 19:38:22.665 +02:00 [INF] Executing ObjectResult, writing value of type 'System.String'.
2021-02-26 19:38:22.667 +02:00 [INF] Executed action Primes_WebService.Controllers.PrimesController.CheckIfIsPrime (Primes_WebService) in 5.365ms
2021-02-26 19:38:22.672 +02:00 [INF] Executed endpoint 'Primes_WebService.Controllers.PrimesController.CheckIfIsPrime (Primes_WebService)'
2021-02-26 19:38:22.674 +02:00 [INF] Request finished in 20.1008ms 404 text/plain; charset=utf-8
2021-02-26 19:38:22.682 +02:00 [INF] Request starting HTTP/1.1 GET http://localhost:5000/primes?from=0&to=10  
2021-02-26 19:38:22.683 +02:00 [INF] Executing endpoint 'Primes_WebService.Controllers.PrimesController.GetPrimesFromRange (Primes_WebService)'
2021-02-26 19:38:22.692 +02:00 [INF] Route matched with {action = "GetPrimesFromRange", controller = "Primes"}. Executing controller action with signature System.Threading.Tasks.Task`1[Microsoft.AspNetCore.Mvc.IActionResult] GetPrimesFromRange(System.Nullable`1[System.Int32], System.Nullable`1[System.Int32]) on controller Primes_WebService.Controllers.PrimesController (Primes_WebService).
2021-02-26 19:38:22.701 +02:00 [INF] PrimesController: Request to check the primeness of numbers in range.
2021-02-26 19:38:22.706 +02:00 [INF] PrimesController: Prime numbers in the range [0, 10]: [2, 3, 5, 7]. Return OK.
2021-02-26 19:38:22.708 +02:00 [INF] Executing ObjectResult, writing value of type 'System.String'.
2021-02-26 19:38:22.710 +02:00 [INF] Executed action Primes_WebService.Controllers.PrimesController.GetPrimesFromRange (Primes_WebService) in 12.9424ms
2021-02-26 19:38:22.712 +02:00 [INF] Executed endpoint 'Primes_WebService.Controllers.PrimesController.GetPrimesFromRange (Primes_WebService)'
2021-02-26 19:38:22.714 +02:00 [INF] Request finished in 32.8737ms 200 text/plain; charset=utf-8
2021-02-26 19:38:22.730 +02:00 [INF] Request starting HTTP/1.1 GET http://localhost:5000/primes?from=-10&to=1  
2021-02-26 19:38:22.731 +02:00 [INF] Executing endpoint 'Primes_WebService.Controllers.PrimesController.GetPrimesFromRange (Primes_WebService)'
2021-02-26 19:38:22.736 +02:00 [INF] Route matched with {action = "GetPrimesFromRange", controller = "Primes"}. Executing controller action with signature System.Threading.Tasks.Task`1[Microsoft.AspNetCore.Mvc.IActionResult] GetPrimesFromRange(System.Nullable`1[System.Int32], System.Nullable`1[System.Int32]) on controller Primes_WebService.Controllers.PrimesController (Primes_WebService).
2021-02-26 19:38:22.743 +02:00 [INF] PrimesController: Request to check the primeness of numbers in range.
2021-02-26 19:38:22.744 +02:00 [INF] PrimesController: Prime numbers in the range [-10, 1]: []. Return OK.
2021-02-26 19:38:22.746 +02:00 [INF] Executing ObjectResult, writing value of type 'System.String'.
2021-02-26 19:38:22.750 +02:00 [INF] Executed action Primes_WebService.Controllers.PrimesController.GetPrimesFromRange (Primes_WebService) in 7.2786ms
2021-02-26 19:38:22.754 +02:00 [INF] Executed endpoint 'Primes_WebService.Controllers.PrimesController.GetPrimesFromRange (Primes_WebService)'
2021-02-26 19:38:22.756 +02:00 [INF] Request finished in 25.8441ms 200 text/plain; charset=utf-8
2021-02-26 19:38:22.768 +02:00 [INF] Request starting HTTP/1.1 GET http://localhost:5000/primes?to=abcd  
2021-02-26 19:38:22.769 +02:00 [INF] Executing endpoint 'Primes_WebService.Controllers.PrimesController.GetPrimesFromRange (Primes_WebService)'
2021-02-26 19:38:22.772 +02:00 [INF] Route matched with {action = "GetPrimesFromRange", controller = "Primes"}. Executing controller action with signature System.Threading.Tasks.Task`1[Microsoft.AspNetCore.Mvc.IActionResult] GetPrimesFromRange(System.Nullable`1[System.Int32], System.Nullable`1[System.Int32]) on controller Primes_WebService.Controllers.PrimesController (Primes_WebService).
2021-02-26 19:38:22.805 +02:00 [INF] Executing ObjectResult, writing value of type 'Microsoft.AspNetCore.Mvc.ValidationProblemDetails'.
2021-02-26 19:38:22.814 +02:00 [INF] Executed action Primes_WebService.Controllers.PrimesController.GetPrimesFromRange (Primes_WebService) in 37.0503ms
2021-02-26 19:38:22.816 +02:00 [INF] Executed endpoint 'Primes_WebService.Controllers.PrimesController.GetPrimesFromRange (Primes_WebService)'
2021-02-26 19:38:22.818 +02:00 [INF] Request finished in 49.6921ms 400 application/problem+json; charset=utf-8
2021-02-26 19:39:15.986 +02:00 [INF] Request starting HTTP/1.1 GET http://localhost:5000/  
2021-02-26 19:39:16.000 +02:00 [INF] Executing endpoint 'Primes_WebService.Controllers.StatusController.Status (Primes_WebService)'
2021-02-26 19:39:16.004 +02:00 [INF] Route matched with {action = "Status", controller = "Status"}. Executing controller action with signature Microsoft.AspNetCore.Mvc.IActionResult Status() on controller Primes_WebService.Controllers.StatusController (Primes_WebService).
2021-02-26 19:39:16.009 +02:00 [INF] StatusController: Status request.
     This is Homework 9 Task 1. Prime Numbers Web Service

                    Made by Mariia Revenko
Return OK.
2021-02-26 19:39:16.011 +02:00 [INF] Executing ObjectResult, writing value of type 'System.String'.
2021-02-26 19:39:16.017 +02:00 [INF] Executed action Primes_WebService.Controllers.StatusController.Status (Primes_WebService) in 8.3973ms
2021-02-26 19:39:16.025 +02:00 [INF] Executed endpoint 'Primes_WebService.Controllers.StatusController.Status (Primes_WebService)'
2021-02-26 19:39:16.030 +02:00 [INF] Request finished in 44.1413ms 200 text/plain; charset=utf-8
2021-02-26 19:39:16.053 +02:00 [INF] Request starting HTTP/1.1 GET http://localhost:5000/primes/17  
2021-02-26 19:39:16.054 +02:00 [INF] Executing endpoint 'Primes_WebService.Controllers.PrimesController.CheckIfIsPrime (Primes_WebService)'
2021-02-26 19:39:16.057 +02:00 [INF] Route matched with {action = "CheckIfIsPrime", controller = "Primes"}. Executing controller action with signature System.Threading.Tasks.Task`1[Microsoft.AspNetCore.Mvc.IActionResult] CheckIfIsPrime(Int32) on controller Primes_WebService.Controllers.PrimesController (Primes_WebService).
2021-02-26 19:39:16.063 +02:00 [INF] PrimesController: Request to check the primeness of the number 17.
2021-02-26 19:39:16.064 +02:00 [INF] PrimesController: The number 17 is prime. Return OK.
2021-02-26 19:39:16.066 +02:00 [INF] Executing ObjectResult, writing value of type 'System.String'.
2021-02-26 19:39:16.068 +02:00 [INF] Executed action Primes_WebService.Controllers.PrimesController.CheckIfIsPrime (Primes_WebService) in 5.9684ms
2021-02-26 19:39:16.071 +02:00 [INF] Executed endpoint 'Primes_WebService.Controllers.PrimesController.CheckIfIsPrime (Primes_WebService)'
2021-02-26 19:39:16.073 +02:00 [INF] Request finished in 20.7477ms 200 text/plain; charset=utf-8
2021-02-26 19:39:16.079 +02:00 [INF] Request starting HTTP/1.1 GET http://localhost:5000/primes/22  
2021-02-26 19:39:16.080 +02:00 [INF] Executing endpoint 'Primes_WebService.Controllers.PrimesController.CheckIfIsPrime (Primes_WebService)'
2021-02-26 19:39:16.082 +02:00 [INF] Route matched with {action = "CheckIfIsPrime", controller = "Primes"}. Executing controller action with signature System.Threading.Tasks.Task`1[Microsoft.AspNetCore.Mvc.IActionResult] CheckIfIsPrime(Int32) on controller Primes_WebService.Controllers.PrimesController (Primes_WebService).
2021-02-26 19:39:16.087 +02:00 [INF] PrimesController: Request to check the primeness of the number 22.
2021-02-26 19:39:16.088 +02:00 [INF] PrimesController: The number 22 is not prime. Return NotFound.
2021-02-26 19:39:16.090 +02:00 [INF] Executing ObjectResult, writing value of type 'System.String'.
2021-02-26 19:39:16.094 +02:00 [INF] Executed action Primes_WebService.Controllers.PrimesController.CheckIfIsPrime (Primes_WebService) in 7.0266ms
2021-02-26 19:39:16.097 +02:00 [INF] Executed endpoint 'Primes_WebService.Controllers.PrimesController.CheckIfIsPrime (Primes_WebService)'
2021-02-26 19:39:16.098 +02:00 [INF] Request finished in 19.3534ms 404 text/plain; charset=utf-8
2021-02-26 19:39:16.105 +02:00 [INF] Request starting HTTP/1.1 GET http://localhost:5000/primes?from=0&to=10  
2021-02-26 19:39:16.110 +02:00 [INF] Executing endpoint 'Primes_WebService.Controllers.PrimesController.GetPrimesFromRange (Primes_WebService)'
2021-02-26 19:39:16.113 +02:00 [INF] Route matched with {action = "GetPrimesFromRange", controller = "Primes"}. Executing controller action with signature System.Threading.Tasks.Task`1[Microsoft.AspNetCore.Mvc.IActionResult] GetPrimesFromRange(System.Nullable`1[System.Int32], System.Nullable`1[System.Int32]) on controller Primes_WebService.Controllers.PrimesController (Primes_WebService).
2021-02-26 19:39:16.118 +02:00 [INF] PrimesController: Request to check the primeness of numbers in range.
2021-02-26 19:39:16.120 +02:00 [INF] PrimesController: Prime numbers in the range [0, 10]: [2, 3, 5, 7]. Return OK.
2021-02-26 19:39:16.121 +02:00 [INF] Executing ObjectResult, writing value of type 'System.String'.
2021-02-26 19:39:16.124 +02:00 [INF] Executed action Primes_WebService.Controllers.PrimesController.GetPrimesFromRange (Primes_WebService) in 6.4878ms
2021-02-26 19:39:16.127 +02:00 [INF] Executed endpoint 'Primes_WebService.Controllers.PrimesController.GetPrimesFromRange (Primes_WebService)'
2021-02-26 19:39:16.129 +02:00 [INF] Request finished in 23.9208ms 200 text/plain; charset=utf-8
2021-02-26 19:39:16.147 +02:00 [INF] Request starting HTTP/1.1 GET http://localhost:5000/primes?from=-10&to=1  
2021-02-26 19:39:16.149 +02:00 [INF] Executing endpoint 'Primes_WebService.Controllers.PrimesController.GetPrimesFromRange (Primes_WebService)'
2021-02-26 19:39:16.152 +02:00 [INF] Route matched with {action = "GetPrimesFromRange", controller = "Primes"}. Executing controller action with signature System.Threading.Tasks.Task`1[Microsoft.AspNetCore.Mvc.IActionResult] GetPrimesFromRange(System.Nullable`1[System.Int32], System.Nullable`1[System.Int32]) on controller Primes_WebService.Controllers.PrimesController (Primes_WebService).
2021-02-26 19:39:16.162 +02:00 [INF] PrimesController: Request to check the primeness of numbers in range.
2021-02-26 19:39:16.163 +02:00 [INF] PrimesController: Prime numbers in the range [-10, 1]: []. Return OK.
2021-02-26 19:39:16.165 +02:00 [INF] Executing ObjectResult, writing value of type 'System.String'.
2021-02-26 19:39:16.167 +02:00 [INF] Executed action Primes_WebService.Controllers.PrimesController.GetPrimesFromRange (Primes_WebService) in 5.206ms
2021-02-26 19:39:16.173 +02:00 [INF] Executed endpoint 'Primes_WebService.Controllers.PrimesController.GetPrimesFromRange (Primes_WebService)'
2021-02-26 19:39:16.176 +02:00 [INF] Request finished in 28.5432ms 200 text/plain; charset=utf-8
2021-02-26 19:39:16.187 +02:00 [INF] Request starting HTTP/1.1 GET http://localhost:5000/primes?to=abcd  
2021-02-26 19:39:16.189 +02:00 [INF] Executing endpoint 'Primes_WebService.Controllers.PrimesController.GetPrimesFromRange (Primes_WebService)'
2021-02-26 19:39:16.200 +02:00 [INF] Route matched with {action = "GetPrimesFromRange", controller = "Primes"}. Executing controller action with signature System.Threading.Tasks.Task`1[Microsoft.AspNetCore.Mvc.IActionResult] GetPrimesFromRange(System.Nullable`1[System.Int32], System.Nullable`1[System.Int32]) on controller Primes_WebService.Controllers.PrimesController (Primes_WebService).
2021-02-26 19:39:16.211 +02:00 [INF] Executing ObjectResult, writing value of type 'Microsoft.AspNetCore.Mvc.ValidationProblemDetails'.
2021-02-26 19:39:16.213 +02:00 [INF] Executed action Primes_WebService.Controllers.PrimesController.GetPrimesFromRange (Primes_WebService) in 3.5922ms
2021-02-26 19:39:16.215 +02:00 [INF] Executed endpoint 'Primes_WebService.Controllers.PrimesController.GetPrimesFromRange (Primes_WebService)'
2021-02-26 19:39:16.219 +02:00 [INF] Request finished in 32.5089ms 400 application/problem+json; charset=utf-8
